Arrancando auth-service (perfil supabase)...
Starting a Gradle Daemon (subsequent builds will be faster)
> Task :shared-observability:compileJava UP-TO-DATE
> Task :shared-observability:processResources UP-TO-DATE
> Task :shared-observability:classes UP-TO-DATE
> Task :shared-observability:jar UP-TO-DATE
> Task :auth-service:processResources
> Task :auth-service:compileJava UP-TO-DATE
> Task :auth-service:classes
> Task :auth-service:resolveMainClassName

> Task :auth-service:bootRun

  .   ____          _            __ _ _
 /\\ / ___'_ __ _ _(_)_ __  __ _ \ \ \ \
( ( )\___ | '_ | '_| | '_ \/ _` | \ \ \ \
 \\/  ___)| |_)| | | | | || (_| |  ) ) ) )
  '  |____| .__|_| |_|_| |_\__, | / / / /
 =========|_|==============|___/=/_/_/_/

 :: Spring Boot ::                (v3.3.4)

{"@timestamp":"2026-07-01T17:50:59.2013088-04:00","@version":"1","message":"HV000001: Hibernate Validator 8.0.1.Final","logger_name":"org.hibernate.validator.internal.util.Version","thread_name":"background-preinit","level":"INFO","level_value":20000,"service":"auth-service"}
{"@timestamp":"2026-07-01T17:50:59.2353081-04:00","@version":"1","message":"Starting AuthServiceApplication using Java 21.0.8 with PID 32964 (C:\\Users\\Equipo\\Desktop\\Nueva carpeta (9)\\flashdrop-microservices\\auth-service\\build\\classes\\java\\main started by Equipo in C:\\Users\\Equipo\\Desktop\\Nueva carpeta (9)\\flashdrop-microservices\\auth-service)","logger_name":"com.flashdrop.auth.AuthServiceApplication","thread_name":"main","level":"INFO","level_value":20000,"service":"auth-service"}
{"@timestamp":"2026-07-01T17:50:59.2363095-04:00","@version":"1","message":"The following 1 profile is active: \"supabase\"","logger_name":"com.flashdrop.auth.AuthServiceApplication","thread_name":"main","level":"INFO","level_value":20000,"service":"auth-service"}
{"@timestamp":"2026-07-01T17:51:00.0319781-04:00","@version":"1","message":"Bootstrapping Spring Data JPA repositories in DEFAULT mode.","logger_name":"org.springframework.data.repository.config.RepositoryConfigurationDelegate","thread_name":"main","level":"INFO","level_value":20000,"service":"auth-service"}
{"@timestamp":"2026-07-01T17:51:00.1042885-04:00","@version":"1","message":"Finished Spring Data repository scanning in 65 ms. Found 4 JPA repository interfaces.","logger_name":"org.springframework.data.repository.config.RepositoryConfigurationDelegate","thread_name":"main","level":"INFO","level_value":20000,"service":"auth-service"}
{"@timestamp":"2026-07-01T17:51:00.732826-04:00","@version":"1","message":"Tomcat initialized with port 8081 (http)","logger_name":"org.springframework.boot.web.embedded.tomcat.TomcatWebServer","thread_name":"main","level":"INFO","level_value":20000,"service":"auth-service"}
{"@timestamp":"2026-07-01T17:51:00.7418311-04:00","@version":"1","message":"Initializing ProtocolHandler [\"http-nio-8081\"]","logger_name":"org.apache.coyote.http11.Http11NioProtocol","thread_name":"main","level":"INFO","level_value":20000,"service":"auth-service"}
{"@timestamp":"2026-07-01T17:51:00.7448296-04:00","@version":"1","message":"Starting service [Tomcat]","logger_name":"org.apache.catalina.core.StandardService","thread_name":"main","level":"INFO","level_value":20000,"service":"auth-service"}
{"@timestamp":"2026-07-01T17:51:00.7448296-04:00","@version":"1","message":"Starting Servlet engine: [Apache Tomcat/10.1.30]","logger_name":"org.apache.catalina.core.StandardEngine","thread_name":"main","level":"INFO","level_value":20000,"service":"auth-service"}
{"@timestamp":"2026-07-01T17:51:00.8062149-04:00","@version":"1","message":"Initializing Spring embedded WebApplicationContext","logger_name":"org.apache.catalina.core.ContainerBase.[Tomcat].[localhost].[/]","thread_name":"main","level":"INFO","level_value":20000,"service":"auth-service"}
{"@timestamp":"2026-07-01T17:51:00.8072183-04:00","@version":"1","message":"Root WebApplicationContext: initialization completed in 1539 ms","logger_name":"org.springframework.boot.web.servlet.context.ServletWebServerApplicationContext","thread_name":"main","level":"INFO","level_value":20000,"service":"auth-service"}
{"@timestamp":"2026-07-01T17:51:01.1270634-04:00","@version":"1","message":"HikariPool-1 - Starting...","logger_name":"com.zaxxer.hikari.HikariDataSource","thread_name":"main","level":"INFO","level_value":20000,"service":"auth-service"}
{"@timestamp":"2026-07-01T17:51:03.7649501-04:00","@version":"1","message":"HikariPool-1 - Starting...","logger_name":"com.zaxxer.hikari.HikariDataSource","thread_name":"main","level":"INFO","level_value":20000,"service":"auth-service"}
{"@timestamp":"2026-07-01T17:51:06.0731559-04:00","@version":"1","message":"HikariPool-1 - Starting...","logger_name":"com.zaxxer.hikari.HikariDataSource","thread_name":"main","level":"INFO","level_value":20000,"service":"auth-service"}
{"@timestamp":"2026-07-01T17:51:08.3778551-04:00","@version":"1","message":"Exception encountered during context initialization - cancelling refresh attempt: org.springframework.beans.factory.BeanCreationException: Error creating bean with name 'entityManagerFactory' defined in class path resource [org/springframework/boot/autoconfigure/orm/jpa/HibernateJpaConfiguration.class]: Failed to initialize dependency 'flywayInitializer' of LoadTimeWeaverAware bean 'entityManagerFactory': Error creating bean with name 'flywayInitializer' defined in class path resource [org/springframework/boot/autoconfigure/flyway/FlywayAutoConfiguration$FlywayConfiguration.class]: Unable to obtain connection from database: FATAL: password authentication failed for user \"postgres\"\n----------------------------------------------------------------------------------------------------\nSQL State  : 28P01\nError Code : 0\nMessage    : FATAL: password authentication failed for user \"postgres\"\n","logger_name":"org.springframework.boot.web.servlet.context.AnnotationConfigServletWebServerApplicationContext","thread_name":"main","level":"WARN","level_value":30000,"service":"auth-service"}
{"@timestamp":"2026-07-01T17:51:08.3838635-04:00","@version":"1","message":"Stopping service [Tomcat]","logger_name":"org.apache.catalina.core.StandardService","thread_name":"main","level":"INFO","level_value":20000,"service":"auth-service"}
{"@timestamp":"2026-07-01T17:51:08.3958532-04:00","@version":"1","message":"\r\n\r\nError starting ApplicationContext. To display the condition evaluation report re-run your application with 'debug' enabled.","logger_name":"org.springframework.boot.autoconfigure.logging.ConditionEvaluationReportLogger","thread_name":"main","level":"INFO","level_value":20000,"service":"auth-service"}
{"@timestamp":"2026-07-01T17:51:08.4108536-04:00","@version":"1","message":"Application run failed","logger_name":"org.springframework.boot.SpringApplication","thread_name":"main","level":"ERROR","level_value":40000,"stack_trace":"org.springframework.beans.factory.BeanCreationException: Error creating bean with name 'entityManagerFactory' defined in class path resource [org/springframework/boot/autoconfigure/orm/jpa/HibernateJpaConfiguration.class]: Failed to initialize dependency 'flywayInitializer' of LoadTimeWeaverAware bean 'entityManagerFactory': Error creating bean with name 'flywayInitializer' defined in class path resource [org/springframework/boot/autoconfigure/flyway/FlywayAutoConfiguration$FlywayConfiguration.class]: Unable to obtain connection from database: FATAL: password authentication failed for user \"postgres\"\n----------------------------------------------------------------------------------------------------\nSQL State  : 28P01\nError Code : 0\nMessage    : FATAL: password authentication failed for user \"postgres\"\n\r\n\tat org.springframework.beans.factory.support.AbstractBeanFactory.doGetBean(AbstractBeanFactory.java:326)\r\n\tat org.springframework.beans.factory.support.AbstractBeanFactory.getBean(AbstractBeanFactory.java:205)\r\n\tat org.springframework.context.support.AbstractApplicationContext.finishBeanFactoryInitialization(AbstractApplicationContext.java:954)\r\n\tat org.springframework.context.support.AbstractApplicationContext.refresh(AbstractApplicationContext.java:625)\r\n\tat org.springframework.boot.web.servlet.context.ServletWebServerApplicationContext.refresh(ServletWebServerApplicationContext.java:146)\r\n\tat org.springframework.boot.SpringApplication.refresh(SpringApplication.java:754)\r\n\tat org.springframework.boot.SpringApplication.refreshContext(SpringApplication.java:456)\r\n\tat org.springframework.boot.SpringApplication.run(SpringApplication.java:335)\r\n\tat org.springframework.boot.SpringApplication.run(SpringApplication.java:1363)\r\n\tat org.springframework.boot.SpringApplication.run(SpringApplication.java:1352)\r\n\tat com.flashdrop.auth.AuthServiceApplication.main(AuthServiceApplication.java:9)\r\nCaused by: org.springframework.beans.factory.BeanCreationException: Error creating bean with name 'flywayInitializer' defined in class path resource [org/springframework/boot/autoconfigure/flyway/FlywayAutoConfiguration$FlywayConfiguration.class]: Unable to obtain connection from database: FATAL: password authentication failed for user \"postgres\"\n----------------------------------------------------------------------------------------------------\nSQL State  : 28P01\nError Code : 0\nMessage    : FATAL: password authentication failed for user \"postgres\"\n\r\n\tat org.springframework.beans.factory.support.AbstractAutowireCapableBeanFactory.initializeBean(AbstractAutowireCapableBeanFactory.java:1806)\r\n\tat org.springframework.beans.factory.support.AbstractAutowireCapableBeanFactory.doCreateBean(AbstractAutowireCapableBeanFactory.java:600)\r\n\tat org.springframework.beans.factory.support.AbstractAutowireCapableBeanFactory.createBean(AbstractAutowireCapableBeanFactory.java:522)\r\n\tat org.springframework.beans.factory.support.AbstractBeanFactory.lambda$doGetBean$0(AbstractBeanFactory.java:337)\r\n\tat org.springframework.beans.factory.support.DefaultSingletonBeanRegistry.getSingleton(DefaultSingletonBeanRegistry.java:234)\r\n\tat org.springframework.beans.factory.support.AbstractBeanFactory.doGetBean(AbstractBeanFactory.java:335)\r\n\tat org.springframework.beans.factory.support.AbstractBeanFactory.getBean(AbstractBeanFactory.java:200)\r\n\tat org.springframework.beans.factory.support.AbstractBeanFactory.doGetBean(AbstractBeanFactory.java:313)\r\n\t... 10 common frames omitted\r\nCaused by: org.flywaydb.core.internal.exception.FlywaySqlException: Unable to obtain connection from database: FATAL: password authentication failed for user \"postgres\"\n----------------------------------------------------------------------------------------------------\nSQL State  : 28P01\nError Code : 0\nMessage    : FATAL: password authentication failed for user \"postgres\"\n\r\n\tat org.flywaydb.core.internal.jdbc.JdbcUtils.openConnection(JdbcUtils.java:60)\r\n\tat org.flywaydb.core.internal.jdbc.JdbcConnectionFactory.<init>(JdbcConnectionFactory.java:72)\r\n\tat org.flywaydb.core.FlywayExecutor.execute(FlywayExecutor.java:134)\r\n\tat org.flywaydb.core.Flyway.migrate(Flyway.java:147)\r\n\tat org.springframework.boot.autoconfigure.flyway.FlywayMigrationInitializer.afterPropertiesSet(FlywayMigrationInitializer.java:66)\r\n\tat org.springframework.beans.factory.support.AbstractAutowireCapableBeanFactory.invokeInitMethods(AbstractAutowireCapableBeanFactory.java:1853)\r\n\tat org.springframework.beans.factory.support.AbstractAutowireCapableBeanFactory.initializeBean(AbstractAutowireCapableBeanFactory.java:1802)\r\n\t... 17 common frames omitted\r\nCaused by: org.postgresql.util.PSQLException: FATAL: password authentication failed for user \"postgres\"\r\n\tat org.postgresql.core.v3.ConnectionFactoryImpl.doAuthentication(ConnectionFactoryImpl.java:711)\r\n\tat org.postgresql.core.v3.ConnectionFactoryImpl.tryConnect(ConnectionFactoryImpl.java:213)\r\n\tat org.postgresql.core.v3.ConnectionFactoryImpl.openConnectionImpl(ConnectionFactoryImpl.java:268)\r\n\tat org.postgresql.core.ConnectionFactory.openConnection(ConnectionFactory.java:54)\r\n\tat org.postgresql.jdbc.PgConnection.<init>(PgConnection.java:273)\r\n\tat org.postgresql.Driver.makeConnection(Driver.java:446)\r\n\tat org.postgresql.Driver.connect(Driver.java:298)\r\n\tat com.zaxxer.hikari.util.DriverDataSource.getConnection(DriverDataSource.java:137)\r\n\tat com.zaxxer.hikari.pool.PoolBase.newConnection(PoolBase.java:360)\r\n\tat com.zaxxer.hikari.pool.PoolBase.newPoolEntry(PoolBase.java:202)\r\n\tat com.zaxxer.hikari.pool.HikariPool.createPoolEntry(HikariPool.java:461)\r\n\tat com.zaxxer.hikari.pool.HikariPool.checkFailFast(HikariPool.java:550)\r\n\tat com.zaxxer.hikari.pool.HikariPool.<init>(HikariPool.java:98)\r\n\tat com.zaxxer.hikari.HikariDataSource.getConnection(HikariDataSource.java:111)\r\n\tat org.flywaydb.core.internal.jdbc.JdbcUtils.openConnection(JdbcUtils.java:48)\r\n\t... 23 common frames omitted\r\n","service":"auth-service"}

> Task :auth-service:bootRun FAILED

FAILURE: Build failed with an exception.

* What went wrong:
Execution failed for task ':auth-service:bootRun'.
> Process 'command 'C:\Program Files\Eclipse Adoptium\jdk-21.0.8.9-hotspot\bin\java.exe'' finished with non-zero exit value 1

* Try:
> Run with --stacktrace option to get the stack trace.
> Run with --info or --debug option to get more log output.
> Run with --scan to get full insights.
> Get more help at https://help.gradle.org.

BUILD FAILED in 18s
7 actionable tasks: 3 executed, 4 up-to-date
